Determining if the pthread_create exist failed with the following output:
Change Dir: /root/coordinator/build/CMakeFiles/CMakeTmp

Run Build Command:"/usr/bin/make" "cmTC_ca933/fast"
/usr/bin/make -f CMakeFiles/cmTC_ca933.dir/build.make CMakeFiles/cmTC_ca933.dir/build
make[1]: Entering directory '/root/coordinator/build/CMakeFiles/CMakeTmp'
Building C object CMakeFiles/cmTC_ca933.dir/CheckSymbolExists.c.o
/usr/bin/cc    -o CMakeFiles/cmTC_ca933.dir/CheckSymbolExists.c.o   -c /root/coordinator/build/CMakeFiles/CMakeTmp/CheckSymbolExists.c
Linking C executable cmTC_ca933
/usr/bin/cmake -E cmake_link_script CMakeFiles/cmTC_ca933.dir/link.txt --verbose=1
/usr/bin/cc      CMakeFiles/cmTC_ca933.dir/CheckSymbolExists.c.o  -o cmTC_ca933 
CMakeFiles/cmTC_ca933.dir/CheckSymbolExists.c.o: In function `main':
CheckSymbolExists.c:(.text+0x1b): undefined reference to `pthread_create'
collect2: error: ld returned 1 exit status
CMakeFiles/cmTC_ca933.dir/build.make:97: recipe for target 'cmTC_ca933' failed
make[1]: *** [cmTC_ca933] Error 1
make[1]: Leaving directory '/root/coordinator/build/CMakeFiles/CMakeTmp'
Makefile:126: recipe for target 'cmTC_ca933/fast' failed
make: *** [cmTC_ca933/fast] Error 2

File /root/coordinator/build/CMakeFiles/CMakeTmp/CheckSymbolExists.c:
/* */
#include <pthread.h>

int main(int argc, char** argv)
{
  (void)argv;
#ifndef pthread_create
  return ((int*)(&pthread_create))[argc];
#else
  (void)argc;
  return 0;
#endif
}

Determining if the function pthread_create exists in the pthreads failed with the following output:
Change Dir: /root/coordinator/build/CMakeFiles/CMakeTmp

Run Build Command:"/usr/bin/make" "cmTC_60620/fast"
/usr/bin/make -f CMakeFiles/cmTC_60620.dir/build.make CMakeFiles/cmTC_60620.dir/build
make[1]: Entering directory '/root/coordinator/build/CMakeFiles/CMakeTmp'
Building C object CMakeFiles/cmTC_60620.dir/CheckFunctionExists.c.o
/usr/bin/cc   -DCHECK_FUNCTION_EXISTS=pthread_create   -o CMakeFiles/cmTC_60620.dir/CheckFunctionExists.c.o   -c /usr/share/cmake-3.10/Modules/CheckFunctionExists.c
Linking C executable cmTC_60620
/usr/bin/cmake -E cmake_link_script CMakeFiles/cmTC_60620.dir/link.txt --verbose=1
/usr/bin/cc  -DCHECK_FUNCTION_EXISTS=pthread_create    CMakeFiles/cmTC_60620.dir/CheckFunctionExists.c.o  -o cmTC_60620 -lpthreads 
/usr/bin/ld: cannot find -lpthreads
collect2: error: ld returned 1 exit status
CMakeFiles/cmTC_60620.dir/build.make:97: recipe for target 'cmTC_60620' failed
make[1]: *** [cmTC_60620] Error 1
make[1]: Leaving directory '/root/coordinator/build/CMakeFiles/CMakeTmp'
Makefile:126: recipe for target 'cmTC_60620/fast' failed
make: *** [cmTC_60620/fast] Error 2


